LOOP 0
ADDED 0
0 
LOWEST 0
0 
LOOP 1
c[0] = 0;c[1] = 2
COMPARE 0 WITH 1 COND 0 11
RETURNS 1
0 
LOWEST 0
0 
LOOP 2
c[0] = 0;c[2] = 1
COMPARE 0 WITH 2 COND 0 7
RETURNS 1
0 
LOWEST 0
0 
LOOP 3
c[0] = 0;c[1] = 3
COMPARE 0 WITH 1 COND 0 16
RETURNS 1
0 
ADDED 3
c[0] = 0;c[3] = 0
COMPARE 0 WITH 3 COND 0 3
RETURNS 1
0 
c[3] = 0;c[0] = 0
COMPARE 3 WITH 0 COND 3 0
RETURNS 0
0 
c[0] = 0;c[3] = 0
COMPARE 0 WITH 3 COND 0 3
RETURNS 1
0 
c[3] = 0;c[0] = 0
COMPARE 3 WITH 0 COND 3 0
RETURNS 0
0 
0 3 
LOWEST 0
0 3 
LOOP 4
c[0] = 0;c[2] = 2
COMPARE 0 WITH 2 COND 0 12
RETURNS 1
0 3 
c[3] = 0;c[2] = 2
COMPARE 3 WITH 2 COND 3 12
RETURNS 1
0 3 
ADDED 4
c[0] = 0;c[4] = 0
COMPARE 0 WITH 4 COND 0 4
RETURNS 1
0 3 
c[3] = 0;c[4] = 0
COMPARE 3 WITH 4 COND 3 4
RETURNS 1
0 3 
c[4] = 0;c[0] = 0
COMPARE 4 WITH 0 COND 4 0
RETURNS 0
0 3 
c[4] = 0;c[3] = 0
COMPARE 4 WITH 3 COND 4 3
RETURNS 0
0 3 
c[3] = 0;c[4] = 0
COMPARE 3 WITH 4 COND 3 4
RETURNS 1
0 3 
c[4] = 0;c[3] = 0
COMPARE 4 WITH 3 COND 4 3
RETURNS 0
0 3 
0 3 4 
LOWEST 0
0 3 4 
LOOP 5
c[3] = 1;c[3] = 1
COMPARE 3 WITH 3 COND 8 8
RETURNS 0
0 3 4 
c[0] = 0;c[3] = 1
COMPARE 0 WITH 3 COND 0 8
RETURNS 1
0 3 4 
c[3] = 1;c[3] = 1
COMPARE 3 WITH 3 COND 8 8
RETURNS 0
0 3 4 
REMOVED 3
c[3] = 1;c[3] = 1
COMPARE 3 WITH 3 COND 8 8
RETURNS 0
0 3 4 
c[0] = 0;c[3] = 1
COMPARE 0 WITH 3 COND 0 8
RETURNS 1
0 3 4 
c[3] = 1;c[3] = 1
COMPARE 3 WITH 3 COND 8 8
RETURNS 0
0 3 4 
ADDED 0
c[4] = 0;c[0] = 0
COMPARE 4 WITH 0 COND 4 0
RETURNS 0
0 4 
c[0] = 0;c[0] = 0
COMPARE 0 WITH 0 COND 0 0
RETURNS 0
0 4 
c[0] = 0;c[0] = 0
COMPARE 0 WITH 0 COND 0 0
RETURNS 0
0 4 
LOWEST 0
0 4 
LOOP 6
c[4] = 0;c[3] = 2
COMPARE 4 WITH 3 COND 4 13
RETURNS 1
0 4 
LOWEST 0
0 4 
LOOP 7
c[4] = 0;c[0] = 1
COMPARE 4 WITH 0 COND 4 5
RETURNS 1
0 4 
LOWEST 0
0 4 
LOOP 8
c[4] = 0;c[3] = 3
COMPARE 4 WITH 3 COND 4 18
RETURNS 1
0 4 
LOWEST 0
0 4 
